<?xml version="1.0" encoding="UTF-8"?>
<testsuite name="Tests" tests="1" skipped="0" failures="0" errors="0" timestamp="2025-03-19T06:25:05" hostname="R59RM22RCV" time="0.085">
  <properties/>
  <testcase name="testNamesFlux_map()" classname="Tests" time="0.085"/>
  <system-out><![CDATA[]]></system-out>
  <system-err><![CDATA[]]></system-err>
</testsuite>
