<?xml version="1.0" encoding="UTF-8"?>
<testsuite name="Tests" tests="1" skipped="0" failures="0" errors="0" timestamp="2025-03-19T06:54:56" hostname="R59RM22RCV" time="1.605">
  <properties/>
  <testcase name="testSolution()" classname="Tests" time="1.605"/>
  <system-out><![CDATA[Subscription is : reactor.core.publisher.FluxPeek$PeekSubscriber@1fdf1c5
name is : 4-ALEX
name is : 5-CHLOE
Completed sending all the items.
value is : onComplete
]]></system-out>
  <system-err><![CDATA[]]></system-err>
</testsuite>
